19:44:35.560 [main] TRACE gendhiramona.logging.LevelTest - Trace
19:44:35.563 [main] DEBUG gendhiramona.logging.LevelTest - Debug
19:44:35.563 [main] INFO  gendhiramona.logging.LevelTest - Info
19:44:35.563 [main] WARN  gendhiramona.logging.LevelTest - Warn
19:44:35.563 [main] ERROR gendhiramona.logging.LevelTest - Error
19:44:57.779 [main] TRACE gendhiramona.logging.LevelTest - Trace
19:44:57.781 [main] DEBUG gendhiramona.logging.LevelTest - Debug
19:44:57.781 [main] INFO  gendhiramona.logging.LevelTest - Info
19:44:57.781 [main] WARN  gendhiramona.logging.LevelTest - Warn
19:44:57.782 [main] ERROR gendhiramona.logging.LevelTest - Error
19:52:13.765 [main] TRACE gendhiramona.logging.LevelTest - Trace
19:52:13.765 [main] DEBUG gendhiramona.logging.LevelTest - Debug
19:52:13.765 [main] INFO  gendhiramona.logging.LevelTest - Info
19:52:13.766 [main] WARN  gendhiramona.logging.LevelTest - Warn
19:52:13.766 [main] ERROR gendhiramona.logging.LevelTest - Error
2025-07-02 19:57:29.024 [main] TRACE gendhiramona.logging.LevelTest - Trace
2025-07-02 19:57:29.025 [main] DEBUG gendhiramona.logging.LevelTest - Debug
2025-07-02 19:57:29.025 [main] INFO  gendhiramona.logging.LevelTest - Info
2025-07-02 19:57:29.025 [main] WARN  gendhiramona.logging.LevelTest - Warn
2025-07-02 19:57:29.025 [main] ERROR gendhiramona.logging.LevelTest - Error
2025-07-02 20:03:24.733 [main] INFO  gendhiramona.logging.MyController - a538740e-aae3-48fa-9e1d-cbe8bb7b0956 - Controller Save
2025-07-02 20:03:24.734 [main] INFO  gendhiramona.logging.MyService - a538740e-aae3-48fa-9e1d-cbe8bb7b0956 - Service Save
2025-07-02 20:03:24.735 [main] INFO  gendhiramona.logging.MyRepository - a538740e-aae3-48fa-9e1d-cbe8bb7b0956 - Repository Save
2025-07-02 20:06:09.462 [main] INFO  gendhiramona.logging.MyController - [] - 08fc9f62-e323-45b9-8af3-cd2a2ec43321 - Controller Save
2025-07-02 20:06:09.463 [main] INFO  gendhiramona.logging.MyService - [] - 08fc9f62-e323-45b9-8af3-cd2a2ec43321 - Service Save
2025-07-02 20:06:09.463 [main] INFO  gendhiramona.logging.MyRepository - [] - 08fc9f62-e323-45b9-8af3-cd2a2ec43321 - Repository Save
2025-07-02 20:07:04.057 [main] INFO  gendhiramona.logging.MyController - [7b08d2de-71bc-441c-9800-d38aff6cae3a] - 7b08d2de-71bc-441c-9800-d38aff6cae3a - Controller Save
2025-07-02 20:07:04.058 [main] INFO  gendhiramona.logging.MyService - [7b08d2de-71bc-441c-9800-d38aff6cae3a] - 7b08d2de-71bc-441c-9800-d38aff6cae3a - Service Save
2025-07-02 20:07:04.058 [main] INFO  gendhiramona.logging.MyRepository - [7b08d2de-71bc-441c-9800-d38aff6cae3a] - 7b08d2de-71bc-441c-9800-d38aff6cae3a - Repository Save
2025-07-02 20:08:42.250 [main] INFO  gendhiramona.logging.MyController - [0c42853d-04b7-4e95-abd7-5b1cfdc02b48] - Controller Save
2025-07-02 20:08:42.251 [main] INFO  gendhiramona.logging.MyService - [0c42853d-04b7-4e95-abd7-5b1cfdc02b48] - Service Save
2025-07-02 20:08:42.251 [main] INFO  gendhiramona.logging.MyRepository - [0c42853d-04b7-4e95-abd7-5b1cfdc02b48] - Repository Save
2025-07-02 20:11:37.572 [Thread-0] INFO  gendhiramona.logging.MyController - [] - Controller Save
2025-07-02 20:11:37.573 [Thread-0] INFO  gendhiramona.logging.MyService - [] - Service Save
2025-07-02 20:11:37.573 [Thread-0] INFO  gendhiramona.logging.MyRepository - [] - Repository Save
2025-07-02 20:13:33.271 [Thread-0] INFO  gendhiramona.logging.MyController - [91ca4dc7-f3d5-46d2-a052-0f3edc7296ea] - Controller Save
2025-07-02 20:13:33.272 [Thread-0] INFO  gendhiramona.logging.MyService - [91ca4dc7-f3d5-46d2-a052-0f3edc7296ea] - Service Save
2025-07-02 20:13:33.272 [Thread-0] INFO  gendhiramona.logging.MyRepository - [91ca4dc7-f3d5-46d2-a052-0f3edc7296ea] - Repository Save
2025-07-02 20:13:34.271 [Thread-1] INFO  gendhiramona.logging.MyController - [91ca4dc7-f3d5-46d2-a052-0f3edc7296ea] - Controller Save
2025-07-02 20:13:34.271 [Thread-1] INFO  gendhiramona.logging.MyService - [91ca4dc7-f3d5-46d2-a052-0f3edc7296ea] - Service Save
2025-07-02 20:13:34.271 [Thread-1] INFO  gendhiramona.logging.MyRepository - [91ca4dc7-f3d5-46d2-a052-0f3edc7296ea] - Repository Save
2025-07-02 20:13:35.271 [Thread-2] INFO  gendhiramona.logging.MyController - [91ca4dc7-f3d5-46d2-a052-0f3edc7296ea] - Controller Save
2025-07-02 20:13:35.272 [Thread-2] INFO  gendhiramona.logging.MyService - [91ca4dc7-f3d5-46d2-a052-0f3edc7296ea] - Service Save
2025-07-02 20:13:35.272 [Thread-2] INFO  gendhiramona.logging.MyRepository - [91ca4dc7-f3d5-46d2-a052-0f3edc7296ea] - Repository Save
2025-07-02 20:13:36.273 [Thread-3] INFO  gendhiramona.logging.MyController - [91ca4dc7-f3d5-46d2-a052-0f3edc7296ea] - Controller Save
2025-07-02 20:13:36.273 [Thread-3] INFO  gendhiramona.logging.MyService - [91ca4dc7-f3d5-46d2-a052-0f3edc7296ea] - Service Save
2025-07-02 20:13:36.273 [Thread-3] INFO  gendhiramona.logging.MyRepository - [91ca4dc7-f3d5-46d2-a052-0f3edc7296ea] - Repository Save
2025-07-02 20:13:37.274 [Thread-4] INFO  gendhiramona.logging.MyController - [91ca4dc7-f3d5-46d2-a052-0f3edc7296ea] - Controller Save
2025-07-02 20:13:37.274 [Thread-4] INFO  gendhiramona.logging.MyService - [91ca4dc7-f3d5-46d2-a052-0f3edc7296ea] - Service Save
2025-07-02 20:13:37.274 [Thread-4] INFO  gendhiramona.logging.MyRepository - [91ca4dc7-f3d5-46d2-a052-0f3edc7296ea] - Repository Save
2025-07-02 20:13:38.274 [Thread-5] INFO  gendhiramona.logging.MyController - [91ca4dc7-f3d5-46d2-a052-0f3edc7296ea] - Controller Save
2025-07-02 20:13:38.274 [Thread-5] INFO  gendhiramona.logging.MyService - [91ca4dc7-f3d5-46d2-a052-0f3edc7296ea] - Service Save
2025-07-02 20:13:38.275 [Thread-5] INFO  gendhiramona.logging.MyRepository - [91ca4dc7-f3d5-46d2-a052-0f3edc7296ea] - Repository Save
2025-07-02 20:13:39.275 [Thread-6] INFO  gendhiramona.logging.MyController - [91ca4dc7-f3d5-46d2-a052-0f3edc7296ea] - Controller Save
2025-07-02 20:13:39.275 [Thread-6] INFO  gendhiramona.logging.MyService - [91ca4dc7-f3d5-46d2-a052-0f3edc7296ea] - Service Save
2025-07-02 20:13:39.276 [Thread-6] INFO  gendhiramona.logging.MyRepository - [91ca4dc7-f3d5-46d2-a052-0f3edc7296ea] - Repository Save
2025-07-02 20:13:40.275 [Thread-7] INFO  gendhiramona.logging.MyController - [91ca4dc7-f3d5-46d2-a052-0f3edc7296ea] - Controller Save
2025-07-02 20:13:40.276 [Thread-7] INFO  gendhiramona.logging.MyService - [91ca4dc7-f3d5-46d2-a052-0f3edc7296ea] - Service Save
2025-07-02 20:13:40.276 [Thread-7] INFO  gendhiramona.logging.MyRepository - [91ca4dc7-f3d5-46d2-a052-0f3edc7296ea] - Repository Save
2025-07-02 20:13:41.275 [Thread-8] INFO  gendhiramona.logging.MyController - [91ca4dc7-f3d5-46d2-a052-0f3edc7296ea] - Controller Save
2025-07-02 20:13:41.276 [Thread-8] INFO  gendhiramona.logging.MyService - [91ca4dc7-f3d5-46d2-a052-0f3edc7296ea] - Service Save
2025-07-02 20:13:41.276 [Thread-8] INFO  gendhiramona.logging.MyRepository - [91ca4dc7-f3d5-46d2-a052-0f3edc7296ea] - Repository Save
2025-07-02 20:13:42.276 [Thread-9] INFO  gendhiramona.logging.MyController - [91ca4dc7-f3d5-46d2-a052-0f3edc7296ea] - Controller Save
2025-07-02 20:13:42.276 [Thread-9] INFO  gendhiramona.logging.MyService - [91ca4dc7-f3d5-46d2-a052-0f3edc7296ea] - Service Save
2025-07-02 20:13:42.276 [Thread-9] INFO  gendhiramona.logging.MyRepository - [91ca4dc7-f3d5-46d2-a052-0f3edc7296ea] - Repository Save
2025-07-02 20:14:01.009 [Thread-0] INFO  gendhiramona.logging.MyController - [a4110ef5-3c7b-4685-894a-612686e4b117] - Controller Save
2025-07-02 20:14:01.009 [Thread-0] INFO  gendhiramona.logging.MyService - [a4110ef5-3c7b-4685-894a-612686e4b117] - Service Save
2025-07-02 20:14:01.009 [Thread-0] INFO  gendhiramona.logging.MyRepository - [a4110ef5-3c7b-4685-894a-612686e4b117] - Repository Save
2025-07-02 20:14:02.008 [Thread-1] INFO  gendhiramona.logging.MyController - [ff88ee6a-5254-49d9-a344-694553716aae] - Controller Save
2025-07-02 20:14:02.009 [Thread-1] INFO  gendhiramona.logging.MyService - [ff88ee6a-5254-49d9-a344-694553716aae] - Service Save
2025-07-02 20:14:02.009 [Thread-1] INFO  gendhiramona.logging.MyRepository - [ff88ee6a-5254-49d9-a344-694553716aae] - Repository Save
2025-07-02 20:14:03.009 [Thread-2] INFO  gendhiramona.logging.MyController - [4800101e-c3f4-4a26-bcf8-5461cec6ecb7] - Controller Save
2025-07-02 20:14:03.009 [Thread-2] INFO  gendhiramona.logging.MyService - [4800101e-c3f4-4a26-bcf8-5461cec6ecb7] - Service Save
2025-07-02 20:14:03.009 [Thread-2] INFO  gendhiramona.logging.MyRepository - [4800101e-c3f4-4a26-bcf8-5461cec6ecb7] - Repository Save
2025-07-02 20:14:04.009 [Thread-3] INFO  gendhiramona.logging.MyController - [b4473992-8bf4-4645-9a61-a09fb4cf297d] - Controller Save
2025-07-02 20:14:04.010 [Thread-3] INFO  gendhiramona.logging.MyService - [b4473992-8bf4-4645-9a61-a09fb4cf297d] - Service Save
2025-07-02 20:14:04.010 [Thread-3] INFO  gendhiramona.logging.MyRepository - [b4473992-8bf4-4645-9a61-a09fb4cf297d] - Repository Save
2025-07-02 20:14:05.009 [Thread-4] INFO  gendhiramona.logging.MyController - [e73c96f7-779c-4b9a-94d1-3d252d8e0e2e] - Controller Save
2025-07-02 20:14:05.010 [Thread-4] INFO  gendhiramona.logging.MyService - [e73c96f7-779c-4b9a-94d1-3d252d8e0e2e] - Service Save
2025-07-02 20:14:05.010 [Thread-4] INFO  gendhiramona.logging.MyRepository - [e73c96f7-779c-4b9a-94d1-3d252d8e0e2e] - Repository Save
2025-07-02 20:14:06.010 [Thread-5] INFO  gendhiramona.logging.MyController - [7edcffdf-1aa0-441c-98ef-edc7948c9abe] - Controller Save
2025-07-02 20:14:06.010 [Thread-5] INFO  gendhiramona.logging.MyService - [7edcffdf-1aa0-441c-98ef-edc7948c9abe] - Service Save
2025-07-02 20:14:06.010 [Thread-5] INFO  gendhiramona.logging.MyRepository - [7edcffdf-1aa0-441c-98ef-edc7948c9abe] - Repository Save
2025-07-02 20:14:07.023 [Thread-6] INFO  gendhiramona.logging.MyController - [34174c76-7087-45e1-89dd-37279f28f673] - Controller Save
2025-07-02 20:14:07.024 [Thread-6] INFO  gendhiramona.logging.MyService - [34174c76-7087-45e1-89dd-37279f28f673] - Service Save
2025-07-02 20:14:07.024 [Thread-6] INFO  gendhiramona.logging.MyRepository - [34174c76-7087-45e1-89dd-37279f28f673] - Repository Save
2025-07-02 20:14:08.023 [Thread-7] INFO  gendhiramona.logging.MyController - [3e816c70-13c0-43cd-940e-217ff84d44ac] - Controller Save
2025-07-02 20:14:08.024 [Thread-7] INFO  gendhiramona.logging.MyService - [3e816c70-13c0-43cd-940e-217ff84d44ac] - Service Save
2025-07-02 20:14:08.024 [Thread-7] INFO  gendhiramona.logging.MyRepository - [3e816c70-13c0-43cd-940e-217ff84d44ac] - Repository Save
2025-07-02 20:14:09.024 [Thread-8] INFO  gendhiramona.logging.MyController - [8bfdc504-c479-4793-a671-78b88fb63848] - Controller Save
2025-07-02 20:14:09.024 [Thread-8] INFO  gendhiramona.logging.MyService - [8bfdc504-c479-4793-a671-78b88fb63848] - Service Save
2025-07-02 20:14:09.024 [Thread-8] INFO  gendhiramona.logging.MyRepository - [8bfdc504-c479-4793-a671-78b88fb63848] - Repository Save
2025-07-02 20:14:10.024 [Thread-9] INFO  gendhiramona.logging.MyController - [b8ec90ac-813f-4525-971b-2d18f0cf3eac] - Controller Save
2025-07-02 20:14:10.024 [Thread-9] INFO  gendhiramona.logging.MyService - [b8ec90ac-813f-4525-971b-2d18f0cf3eac] - Service Save
2025-07-02 20:14:10.024 [Thread-9] INFO  gendhiramona.logging.MyRepository - [b8ec90ac-813f-4525-971b-2d18f0cf3eac] - Repository Save
